<?xml version="1.0" encoding="UTF-8"?>
<!-- Generated by org.testng.reporters.JUnitReportReporter -->
<testsuite hostname="Vipuls-MacBook-Air.local" failures="0" tests="1" name="AppTest.OpenCartTest" time="2.233" errors="0" timestamp="2022-11-11T15:15:48 IST" skipped="0">
  <testcase classname="AppTest.OpenCartTest" name="urlTest" time="2.233"/>
  <system-out/>
</testsuite> <!-- AppTest.OpenCartTest -->
