<?xml version="1.0" encoding="UTF-8"?>
<!-- Generated by org.testng.reporters.JUnitReportReporter -->
<testsuite hostname="Vipuls-MacBook-Air.local" failures="0" tests="1" name="AppTest.GoogleTest" time="1.353" errors="0" timestamp="2022-11-11T15:16:07 IST" skipped="0">
  <testcase classname="AppTest.GoogleTest" name="searchFieldTest" time="1.353"/>
  <system-out/>
</testsuite> <!-- AppTest.GoogleTest -->
