<?xml version="1.0" encoding="UTF-8"?>
<!-- Generated by org.testng.reporters.JUnitReportReporter -->
<testsuite hostname="Vipuls-MacBook-Air.local" failures="0" tests="4" name="ApplicationTest.T_05_SettingTestPriorities" time="0.004" errors="0" timestamp="2022-11-11T10:58:51 IST" skipped="0">
  <testcase classname="ApplicationTest.T_05_SettingTestPriorities" name="b_test" time="0.003"/>
  <system-out/>
  <testcase classname="ApplicationTest.T_05_SettingTestPriorities" name="d_test" time="0.001"/>
  <system-out/>
  <testcase classname="ApplicationTest.T_05_SettingTestPriorities" name="c_test" time="0.000"/>
  <system-out/>
  <testcase classname="ApplicationTest.T_05_SettingTestPriorities" name="a_test" time="0.000"/>
  <system-out/>
</testsuite> <!-- ApplicationTest.T_05_SettingTestPriorities -->
