<?xml version="1.0" encoding="UTF-8"?>
<!-- Generated by org.testng.reporters.JUnitReportReporter -->
<testsuite hostname="Vipuls-MacBook-Air.local" failures="0" tests="1" name="TestNGConcepts.T_06_ExpectedExceptionsConcept" time="0.003" errors="0" timestamp="2022-11-11T12:32:52 IST" skipped="0">
  <testcase classname="TestNGConcepts.T_06_ExpectedExceptionsConcept" name="loginTest" time="0.003"/>
  <system-out/>
</testsuite> <!-- TestNGConcepts.T_06_ExpectedExceptionsConcept -->
