<?xml version="1.0" encoding="UTF-8"?>
<!-- Generated by org.testng.reporters.JUnitReportReporter -->
<testsuite hostname="Vipuls-MacBook-Air.local" failures="0" tests="1" name="AppTest.GoogleTest" time="0.148" errors="0" timestamp="2022-11-11T18:29:48 IST" skipped="0">
  <testcase classname="AppTest.GoogleTest" name="searchFieldTest" time="0.148"/>
  <system-out/>
</testsuite> <!-- AppTest.GoogleTest -->
