<?xml version="1.0" encoding="UTF-8"?>
<!-- Generated by org.testng.reporters.JUnitReportReporter -->
<testsuite hostname="Vipuls-MacBook-Air.local" failures="0" tests="10" name="TestNGConcepts.T_08_InvocationCountConcept" time="0.009" errors="0" timestamp="2022-11-11T18:44:26 IST" skipped="0">
  <testcase classname="TestNGConcepts.T_08_InvocationCountConcept" name="printNumber" time="0.000"/>
  <system-out/>
  <testcase classname="TestNGConcepts.T_08_InvocationCountConcept" name="printNumber" time="0.001"/>
  <system-out/>
  <testcase classname="TestNGConcepts.T_08_InvocationCountConcept" name="printNumber" time="0.001"/>
  <system-out/>
  <testcase classname="TestNGConcepts.T_08_InvocationCountConcept" name="printNumber" time="0.001"/>
  <system-out/>
  <testcase classname="TestNGConcepts.T_08_InvocationCountConcept" name="printNumber" time="0.000"/>
  <system-out/>
  <testcase classname="TestNGConcepts.T_08_InvocationCountConcept" name="printNumber" time="0.001"/>
  <system-out/>
  <testcase classname="TestNGConcepts.T_08_InvocationCountConcept" name="printNumber" time="0.001"/>
  <system-out/>
  <testcase classname="TestNGConcepts.T_08_InvocationCountConcept" name="printNumber" time="0.000"/>
  <system-out/>
  <testcase classname="TestNGConcepts.T_08_InvocationCountConcept" name="printNumber" time="0.004"/>
  <system-out/>
  <testcase classname="TestNGConcepts.T_08_InvocationCountConcept" name="printNumber" time="0.000"/>
  <system-out/>
</testsuite> <!-- TestNGConcepts.T_08_InvocationCountConcept -->
