<?xml version="1.0" encoding="UTF-8"?>
<!-- Generated by org.testng.reporters.JUnitReportReporter -->
<testsuite hostname="Vipuls-MacBook-Air.local" failures="0" tests="2" name="ApplicationTest.T_02_Annotations" time="0.004" errors="0" timestamp="2022-11-10T22:14:48 IST" skipped="0">
  <testcase classname="ApplicationTest.T_02_Annotations" name="accountInfoTest" time="0.003"/>
  <system-out/>
  <testcase classname="ApplicationTest.T_02_Annotations" name="userInfoTest" time="0.001"/>
  <system-out/>
</testsuite> <!-- ApplicationTest.T_02_Annotations -->
