<?xml version="1.0" encoding="UTF-8"?>
<!-- Generated by org.testng.reporters.JUnitReportReporter -->
<testsuite hostname="Vipuls-MacBook-Air.local" failures="0" tests="1" name="ApplicationTest.T_04_SampleTest" time="0.023" errors="0" timestamp="2022-11-10T22:41:53 IST" skipped="0">
  <testcase classname="ApplicationTest.T_04_SampleTest" name="searchFieldTest" time="0.023"/>
  <system-out/>
</testsuite> <!-- ApplicationTest.T_04_SampleTest -->
